


ARM Macro Assembler    Page 1 


    1 00000000         
    2 00000000         
    3 00000000                 AREA             RESET, CODE, READONLY
    4 00000000                 ENTRY
    5 00000000         
    6 00000000         main
    7 00000000 E59F001C        ldr              r0, = array
    8 00000004 E3A03005        ldr              r3, = 0x5
    9 00000008 E3A02000        ldr              r2, = 0x0
   10 0000000C         
   11 0000000C         loop
   12 0000000C E4901004        ldr              r1,[r0],#04
   13 00000010 E0822001        add              r2,r2,r1
   14 00000014 E2433001        sub              r3,r3,#01
   15 00000018 E3530000        cmp              r3,#00
   16 0000001C 1AFFFFFA        bne              loop
   17 00000020         
   18 00000020 EAFFFFFE 
                       STOP    B                STOP
   19 00000024         
   20 00000024 00000000        AREA             data, CODE
   21 00000000 00000001 
              00000002 
              00000003 
              00000004 
              00000005 array   dcd              &01,&02,&03,&04,&05
   22 00000014                 END
Command Line: --debug --xref --apcs=interwork --depend=.\rev_array.d -o.\rev_ar
ray.o -IC:\Users\Public\Downloads\ARM\RV31\INC -IC:\Users\Public\Downloads\ARM\
CMSIS\Include -IC:\Users\Public\Downloads\ARM\Inc\Philips --predefine="__EVAL S
ETA 1" --list=.\rev_array.lst rev_array.s



ARM Macro Assembler    Page 1 Alphabetic symbol ordering
Relocatable symbols

RESET 00000000

Symbol: RESET
   Definitions
      At line 3 in file rev_array.s
   Uses
      None
Comment: RESET unused
STOP 00000020

Symbol: STOP
   Definitions
      At line 18 in file rev_array.s
   Uses
      At line 18 in file rev_array.s
Comment: STOP used once
loop 0000000C

Symbol: loop
   Definitions
      At line 11 in file rev_array.s
   Uses
      At line 16 in file rev_array.s
Comment: loop used once
main 00000000

Symbol: main
   Definitions
      At line 6 in file rev_array.s
   Uses
      None
Comment: main unused
4 symbols



ARM Macro Assembler    Page 1 Alphabetic symbol ordering
Relocatable symbols

array 00000000

Symbol: array
   Definitions
      At line 21 in file rev_array.s
   Uses
      At line 7 in file rev_array.s
Comment: array used once
data 00000000

Symbol: data
   Definitions
      At line 20 in file rev_array.s
   Uses
      None
Comment: data unused
2 symbols
339 symbols in table
