


ARM Macro Assembler    Page 1 


    1 00000000                 AREA             RESET, CODE, READONLY
    2 00000000                 ENTRY
    3 00000000 E3A00007        MOV              R0, #7
    4 00000004 E1A00380        MOV              R0,R0,LSL #7
    5 00000008                 end
Command Line: --debug --xref --apcs=interwork -ocmpdemo1.o -IC:\Keil_v4\ARM\INC
 -IC:\Keil_v4\ARM\INC\Philips --predefine="__EVAL SETA 1" --list=cmpdemo1.lst c
mpdemo1.asm



ARM Macro Assembler    Page 1 Alphabetic symbol ordering
Relocatable symbols

RESET 00000000

Symbol: RESET
   Definitions
      At line 1 in file cmpdemo1.asm
   Uses
      None
Comment: RESET unused
1 symbol
321 symbols in table
