


ARM Macro Assembler    Page 1 


    1 00000000                 AREA             qn1,CODE,READONLY
    2 00000000                 ENTRY
    3 00000000 E3A00005 
                       Main    MOV              R0,#5       ; R0 = 5
    4 00000004 E3A0100A        MOV              R1,#10      ; R1 = 10 / 0xA
    5 00000008 E0802001        ADD              R2,R0,R1    ; R2 = R0+R1 (0xF)
    6 0000000C E0403001        SUB              R3,R0,R1    ; R3 = R0-R1 (-5)
    7 00000010 E0604001        RSB              R4,R0,R1    ; R4 = R1-R0; R4 = 
                                                            R1-R0 (5)
    8 00000014 E0503001        SUBS             R3,R0,R1    ; See the differenc
                                                            e in CPSR
    9 00000018 EAFFFFFE 
                       Stop    B                Stop        ; can be replaced b
                                                            y SWI&11
   10 0000001C                 END
Command Line: --debug --xref --apcs=interwork --depend=.\first.d -o.\first.o -I
C:\Users\Public\Downloads\ARM\RV31\INC -IC:\Users\Public\Downloads\ARM\CMSIS\In
clude -IC:\Users\Public\Downloads\ARM\Inc\Philips --predefine="__EVAL SETA 1" -
-list=.\first.lst first.s



ARM Macro Assembler    Page 1 Alphabetic symbol ordering
Relocatable symbols

Main 00000000

Symbol: Main
   Definitions
      At line 3 in file first.s
   Uses
      None
Comment: Main unused
Stop 00000018

Symbol: Stop
   Definitions
      At line 9 in file first.s
   Uses
      At line 9 in file first.s
Comment: Stop used once
qn1 00000000

Symbol: qn1
   Definitions
      At line 1 in file first.s
   Uses
      None
Comment: qn1 unused
3 symbols
334 symbols in table
