


ARM Macro Assembler    Page 1 


    1 00000000                 AREA             qn2,CODE,READONLY
    2 00000000                 ENTRY
    3 00000000 E3A00001 
                       Main    MOV              R0,#1
    4 00000004 E3A01002        MOV              R1,#2
    5 00000008 E3A02003        MOV              R2,#3
    6 0000000C E3A03004        MOV              R3,#4
    7 00000010 E3A04005        MOV              R4,#5
    8 00000014         
    9 00000014 E0436004        SUB              R6,R3,R4
   10 00000018 E0807001        ADD              R7,R0,R1
   11 0000001C E0877002        ADD              R7,R7,R2
   12 00000020 E0877006        ADD              R7,R7,R6
   13 00000024 EAFFFFFE 
                       Stop    B                Stop        ;
   14 00000028                 END
Command Line: --debug --xref --apcs=interwork --depend=.\second.d -o.\second.o 
-IC:\Users\Public\Downloads\ARM\RV31\INC -IC:\Users\Public\Downloads\ARM\CMSIS\
Include -IC:\Users\Public\Downloads\ARM\Inc\Philips --predefine="__EVAL SETA 1"
 --list=.\second.lst second.s



ARM Macro Assembler    Page 1 Alphabetic symbol ordering
Relocatable symbols

Main 00000000

Symbol: Main
   Definitions
      At line 3 in file second.s
   Uses
      None
Comment: Main unused
Stop 00000024

Symbol: Stop
   Definitions
      At line 13 in file second.s
   Uses
      At line 13 in file second.s
Comment: Stop used once
qn2 00000000

Symbol: qn2
   Definitions
      At line 1 in file second.s
   Uses
      None
Comment: qn2 unused
3 symbols
334 symbols in table
