


ARM Macro Assembler    Page 1 


    1 00000000                 AREA             RESET, CODE, READONLY
    2 00000000                 ENTRY
    3 00000000 E3A05006        MOV              R5, #6
    4 00000004 E59F001C        LDR              R0,=BLOCK1
    5 00000008 E59F101C        LDR              R1,=BLOCK2
    6 0000000C E4D02001 
                       NEXT    LDRB             R2,[R0],#1
    7 00000010 E4C12001        STRB             R2,[R1],#1
    8 00000014 E2555001        SUBS             R5,#1
    9 00000018 1AFFFFFB        BNE              NEXT
   10 0000001C EAFFFFFE 
                       B1      B                B1
   11 00000020 11 22 33 
              44 55 66 BLOCK1  DCB              0X11,0X22,0X33,0X44,0X55,0X66
   12 00000026 00 00 00000000 
              00000000         AREA             DATA1, DATA, READWRITE
   13 00000000 00      BLOCK2  DCB              0
   14 00000001                 END
Command Line: --debug --xref --apcs=interwork -omain.o -IC:\Keil_v4\ARM\INC -IC
:\Keil_v4\ARM\INC\Philips --predefine="__EVAL SETA 1" --list=main.lst main.asm



ARM Macro Assembler    Page 1 Alphabetic symbol ordering
Relocatable symbols

B1 0000001C

Symbol: B1
   Definitions
      At line 10 in file main.asm
   Uses
      At line 10 in file main.asm
Comment: B1 used once
BLOCK1 00000020

Symbol: BLOCK1
   Definitions
      At line 11 in file main.asm
   Uses
      At line 4 in file main.asm
Comment: BLOCK1 used once
NEXT 0000000C

Symbol: NEXT
   Definitions
      At line 6 in file main.asm
   Uses
      At line 9 in file main.asm
Comment: NEXT used once
RESET 00000000

Symbol: RESET
   Definitions
      At line 1 in file main.asm
   Uses
      None
Comment: RESET unused
4 symbols



ARM Macro Assembler    Page 1 Alphabetic symbol ordering
Relocatable symbols

BLOCK2 00000000

Symbol: BLOCK2
   Definitions
      At line 13 in file main.asm
   Uses
      At line 5 in file main.asm
Comment: BLOCK2 used once
DATA1 00000000

Symbol: DATA1
   Definitions
      At line 12 in file main.asm
   Uses
      None
Comment: DATA1 unused
2 symbols
328 symbols in table
